<?xml version="1.0" encoding="UTF-8"?>
<coverage generated="1536584066874" clover="3.2.0">
  <project timestamp="1536584066874" name="All files">
    <metrics statements="132" coveredstatements="131" conditionals="41" coveredconditionals="39" methods="47" coveredmethods="44" elements="220" coveredelements="214" complexity="0" loc="132" ncloc="132" packages="5" files="12" classes="12">
      <package name="lib.actions">
        <metrics statements="4" coveredstatements="4" conditionals="0" coveredconditionals="0" methods="2" coveredmethods="2"/>
        <file name="index.js" path="C:\wamp64\www\react-composite-form\lib\actions\index.js">
          <metrics statements="4" coveredstatements="4" conditionals="0" coveredconditionals="0" methods="2" coveredmethods="2"/>
          <line num="4" count="17" type="stmt"/>
          <line num="5" count="2" type="stmt"/>
          <line num="6" count="2" type="stmt"/>
          <line num="8" count="17" type="stmt"/>
        </file>
      </package>
      <package name="lib.components">
        <metrics statements="37" coveredstatements="36" conditionals="12" coveredconditionals="11" methods="16" coveredmethods="13"/>
        <file name="Form.js" path="C:\wamp64\www\react-composite-form\lib\components\Form.js">
          <metrics statements="37" coveredstatements="36" conditionals="12" coveredconditionals="11" methods="16" coveredmethods="13"/>
          <line num="12" count="2" type="stmt"/>
          <line num="14" count="2" type="stmt"/>
          <line num="20" count="2" type="stmt"/>
          <line num="21" count="2" type="stmt"/>
          <line num="22" count="2" type="stmt"/>
          <line num="23" count="2" type="stmt"/>
          <line num="24" count="2" type="stmt"/>
          <line num="25" count="2" type="stmt"/>
          <line num="29" count="2" type="stmt"/>
          <line num="30" count="2" type="stmt"/>
          <line num="34" count="3" type="stmt"/>
          <line num="35" count="2" type="stmt"/>
          <line num="36" count="2" type="cond" truecount="2" falsecount="0"/>
          <line num="37" count="2" type="stmt"/>
          <line num="38" count="2" type="stmt"/>
          <line num="41" count="3" type="cond" truecount="2" falsecount="0"/>
          <line num="45" count="1" type="stmt"/>
          <line num="46" count="1" type="stmt"/>
          <line num="47" count="1" type="stmt"/>
          <line num="51" count="8" type="stmt"/>
          <line num="52" count="4" type="stmt"/>
          <line num="53" count="4" type="cond" truecount="2" falsecount="0"/>
          <line num="54" count="4" type="cond" truecount="2" falsecount="0"/>
          <line num="56" count="4" type="stmt"/>
          <line num="61" count="1" type="stmt"/>
          <line num="67" count="1" type="stmt"/>
          <line num="68" count="1" type="stmt"/>
          <line num="69" count="1" type="stmt"/>
          <line num="70" count="1" type="stmt"/>
          <line num="74" count="1" type="stmt"/>
          <line num="80" count="10" type="cond" truecount="2" falsecount="0"/>
          <line num="81" count="2" type="stmt"/>
          <line num="84" count="8" type="cond" truecount="1" falsecount="1"/>
          <line num="85" count="0" type="stmt"/>
          <line num="102" count="8" type="stmt"/>
          <line num="130" count="1" type="stmt"/>
          <line num="133" count="3" type="stmt"/>
        </file>
      </package>
      <package name="lib.factory">
        <metrics statements="22" coveredstatements="22" conditionals="9" coveredconditionals="9" methods="2" coveredmethods="2"/>
        <file name="formFieldFactory.js" path="C:\wamp64\www\react-composite-form\lib\factory\formFieldFactory.js">
          <metrics statements="22" coveredstatements="22" conditionals="9" coveredconditionals="9" methods="2" coveredmethods="2"/>
          <line num="16" count="11" type="stmt"/>
          <line num="32" count="13" type="stmt"/>
          <line num="33" count="13" type="stmt"/>
          <line num="35" count="13" type="cond" truecount="9" falsecount="0"/>
          <line num="37" count="5" type="stmt"/>
          <line num="38" count="5" type="stmt"/>
          <line num="40" count="1" type="stmt"/>
          <line num="41" count="1" type="stmt"/>
          <line num="43" count="1" type="stmt"/>
          <line num="44" count="1" type="stmt"/>
          <line num="46" count="1" type="stmt"/>
          <line num="47" count="1" type="stmt"/>
          <line num="49" count="1" type="stmt"/>
          <line num="50" count="1" type="stmt"/>
          <line num="52" count="1" type="stmt"/>
          <line num="53" count="1" type="stmt"/>
          <line num="55" count="1" type="stmt"/>
          <line num="56" count="1" type="stmt"/>
          <line num="58" count="1" type="stmt"/>
          <line num="59" count="1" type="stmt"/>
          <line num="61" count="1" type="stmt"/>
          <line num="63" count="12" type="stmt"/>
        </file>
      </package>
      <package name="lib.factory.fields">
        <metrics statements="65" coveredstatements="65" conditionals="20" coveredconditionals="19" methods="27" coveredmethods="27"/>
        <file name="CheckBoxField.js" path="C:\wamp64\www\react-composite-form\lib\factory\fields\CheckBoxField.js">
          <metrics statements="5" coveredstatements="5" conditionals="0" coveredconditionals="0" methods="2" coveredmethods="2"/>
          <line num="7" count="1" type="stmt"/>
          <line num="9" count="1" type="stmt"/>
          <line num="10" count="1" type="stmt"/>
          <line num="11" count="1" type="stmt"/>
          <line num="14" count="1" type="stmt"/>
        </file>
        <file name="CreatableSelectField.js" path="C:\wamp64\www\react-composite-form\lib\factory\fields\CreatableSelectField.js">
          <metrics statements="14" coveredstatements="14" conditionals="8" coveredconditionals="8" methods="7" coveredmethods="7"/>
          <line num="8" count="2" type="stmt"/>
          <line num="9" count="2" type="stmt"/>
          <line num="11" count="2" type="stmt"/>
          <line num="17" count="3" type="cond" truecount="2" falsecount="0"/>
          <line num="18" count="2" type="stmt"/>
          <line num="25" count="4" type="stmt"/>
          <line num="29" count="7" type="stmt"/>
          <line num="31" count="7" type="stmt"/>
          <line num="32" count="2" type="cond" truecount="4" falsecount="0"/>
          <line num="33" count="1" type="stmt"/>
          <line num="37" count="2" type="stmt"/>
          <line num="38" count="2" type="stmt"/>
          <line num="41" count="7" type="stmt"/>
          <line num="57" count="3" type="stmt"/>
        </file>
        <file name="DateField.js" path="C:\wamp64\www\react-composite-form\lib\factory\fields\DateField.js">
          <metrics statements="6" coveredstatements="6" conditionals="4" coveredconditionals="4" methods="2" coveredmethods="2"/>
          <line num="10" count="2" type="stmt"/>
          <line num="12" count="2" type="stmt"/>
          <line num="13" count="2" type="cond" truecount="2" falsecount="0"/>
          <line num="14" count="2" type="stmt"/>
          <line num="15" count="2" type="stmt"/>
          <line num="17" count="2" type="stmt"/>
        </file>
        <file name="FileInputField.js" path="C:\wamp64\www\react-composite-form\lib\factory\fields\FileInputField.js">
          <metrics statements="14" coveredstatements="14" conditionals="4" coveredconditionals="3" methods="4" coveredmethods="4"/>
          <line num="8" count="2" type="stmt"/>
          <line num="10" count="2" type="stmt"/>
          <line num="11" count="2" type="stmt"/>
          <line num="12" count="2" type="cond" truecount="2" falsecount="0"/>
          <line num="13" count="1" type="stmt"/>
          <line num="17" count="2" type="stmt"/>
          <line num="18" count="1" type="stmt"/>
          <line num="19" count="1" type="stmt"/>
          <line num="22" count="2" type="stmt"/>
          <line num="23" count="1" type="cond" truecount="1" falsecount="1"/>
          <line num="24" count="1" type="stmt"/>
          <line num="25" count="1" type="stmt"/>
          <line num="29" count="2" type="stmt"/>
          <line num="34" count="3" type="stmt"/>
        </file>
        <file name="MultiSelectField.js" path="C:\wamp64\www\react-composite-form\lib\factory\fields\MultiSelectField.js">
          <metrics statements="7" coveredstatements="7" conditionals="2" coveredconditionals="2" methods="3" coveredmethods="3"/>
          <line num="7" count="4" type="stmt"/>
          <line num="9" count="4" type="stmt"/>
          <line num="11" count="4" type="stmt"/>
          <line num="12" count="1" type="stmt"/>
          <line num="13" count="1" type="stmt"/>
          <line num="16" count="4" type="stmt"/>
          <line num="33" count="3" type="stmt"/>
        </file>
        <file name="SelectField.js" path="C:\wamp64\www\react-composite-form\lib\factory\fields\SelectField.js">
          <metrics statements="7" coveredstatements="7" conditionals="2" coveredconditionals="2" methods="3" coveredmethods="3"/>
          <line num="7" count="4" type="stmt"/>
          <line num="9" count="4" type="stmt"/>
          <line num="11" count="4" type="stmt"/>
          <line num="12" count="1" type="stmt"/>
          <line num="13" count="1" type="stmt"/>
          <line num="16" count="4" type="stmt"/>
          <line num="31" count="3" type="stmt"/>
        </file>
        <file name="TextAreaField.js" path="C:\wamp64\www\react-composite-form\lib\factory\fields\TextAreaField.js">
          <metrics statements="6" coveredstatements="6" conditionals="0" coveredconditionals="0" methods="3" coveredmethods="3"/>
          <line num="8" count="1" type="stmt"/>
          <line num="12" count="1" type="stmt"/>
          <line num="14" count="1" type="stmt"/>
          <line num="15" count="1" type="stmt"/>
          <line num="16" count="1" type="stmt"/>
          <line num="19" count="1" type="stmt"/>
        </file>
        <file name="TextField.js" path="C:\wamp64\www\react-composite-form\lib\factory\fields\TextField.js">
          <metrics statements="6" coveredstatements="6" conditionals="0" coveredconditionals="0" methods="3" coveredmethods="3"/>
          <line num="8" count="2" type="stmt"/>
          <line num="12" count="4" type="stmt"/>
          <line num="14" count="4" type="stmt"/>
          <line num="15" count="2" type="stmt"/>
          <line num="16" count="2" type="stmt"/>
          <line num="19" count="4" type="stmt"/>
        </file>
      </package>
      <package name="tests">
        <metrics statements="4" coveredstatements="4" conditionals="0" coveredconditionals="0" methods="0" coveredmethods="0"/>
        <file name="jestsetup.js" path="C:\wamp64\www\react-composite-form\tests\jestsetup.js">
          <metrics statements="4" coveredstatements="4" conditionals="0" coveredconditionals="0" methods="0" coveredmethods="0"/>
          <line num="3" count="11" type="stmt"/>
          <line num="5" count="11" type="stmt"/>
          <line num="6" count="11" type="stmt"/>
          <line num="7" count="11" type="stmt"/>
        </file>
      </package>
    </metrics>
  </project>
</coverage>
