{"C:\\wamp64\\www\\react-composite-form\\lib\\actions\\index.js": {"path":"C:\\wamp64\\www\\react-composite-form\\lib\\actions\\index.js","statementMap":{"0":{"start":{"line":4,"column":29},"end":{"line":7,"column":6}},"1":{"start":{"line":5,"column":32},"end":{"line":5,"column":54}},"2":{"start":{"line":6,"column":8},"end":{"line":6,"column":31}},"3":{"start":{"line":8,"column":4},"end":{"line":8,"column":28}}},"fnMap":{"0":{"name":"validateField","decl":{"start":{"line":3,"column":16},"end":{"line":3,"column":29}},"loc":{"start":{"line":3,"column":49},"end":{"line":9,"column":1}},"line":3},"1":{"name":"(anonymous_1)","decl":{"start":{"line":4,"column":47},"end":{"line":4,"column":48}},"loc":{"start":{"line":4,"column":60},"end":{"line":7,"column":5}},"line":4}},"branchMap":{},"s":{"0":17,"1":2,"2":2,"3":17},"f":{"0":17,"1":2},"b":{},"_coverageSchema":"332fd63041d2c1bcb487cc26dd0d5f7d97098a6c","hash":"b1ba28e9e841c3e2da865204be85898af4a21b58"}
,"C:\\wamp64\\www\\react-composite-form\\lib\\components\\Form.js": {"path":"C:\\wamp64\\www\\react-composite-form\\lib\\components\\Form.js","statementMap":{"0":{"start":{"line":12,"column":8},"end":{"line":12,"column":21}},"1":{"start":{"line":14,"column":8},"end":{"line":18,"column":10}},"2":{"start":{"line":20,"column":8},"end":{"line":20,"column":69}},"3":{"start":{"line":21,"column":8},"end":{"line":21,"column":61}},"4":{"start":{"line":22,"column":8},"end":{"line":22,"column":59}},"5":{"start":{"line":23,"column":8},"end":{"line":23,"column":65}},"6":{"start":{"line":24,"column":8},"end":{"line":24,"column":55}},"7":{"start":{"line":25,"column":8},"end":{"line":25,"column":49}},"8":{"start":{"line":29,"column":24},"end":{"line":29,"column":56}},"9":{"start":{"line":30,"column":8},"end":{"line":30,"column":35}},"10":{"start":{"line":34,"column":34},"end":{"line":39,"column":10}},"11":{"start":{"line":35,"column":33},"end":{"line":35,"column":51}},"12":{"start":{"line":36,"column":26},"end":{"line":36,"column":80}},"13":{"start":{"line":37,"column":27},"end":{"line":37,"column":80}},"14":{"start":{"line":38,"column":12},"end":{"line":38,"column":38}},"15":{"start":{"line":41,"column":8},"end":{"line":41,"column":76}},"16":{"start":{"line":45,"column":23},"end":{"line":45,"column":76}},"17":{"start":{"line":46,"column":24},"end":{"line":46,"column":45}},"18":{"start":{"line":47,"column":8},"end":{"line":47,"column":43}},"19":{"start":{"line":51,"column":8},"end":{"line":57,"column":11}},"20":{"start":{"line":52,"column":33},"end":{"line":52,"column":62}},"21":{"start":{"line":53,"column":26},"end":{"line":53,"column":80}},"22":{"start":{"line":54,"column":34},"end":{"line":54,"column":86}},"23":{"start":{"line":56,"column":12},"end":{"line":56,"column":141}},"24":{"start":{"line":61,"column":8},"end":{"line":63,"column":11}},"25":{"start":{"line":67,"column":8},"end":{"line":67,"column":31}},"26":{"start":{"line":68,"column":30},"end":{"line":68,"column":98}},"27":{"start":{"line":68,"column":71},"end":{"line":68,"column":96}},"28":{"start":{"line":69,"column":23},"end":{"line":69,"column":74}},"29":{"start":{"line":70,"column":8},"end":{"line":70,"column":88}},"30":{"start":{"line":70,"column":52},"end":{"line":70,"column":70}},"31":{"start":{"line":74,"column":8},"end":{"line":76,"column":11}},"32":{"start":{"line":80,"column":8},"end":{"line":82,"column":9}},"33":{"start":{"line":81,"column":12},"end":{"line":81,"column":89}},"34":{"start":{"line":84,"column":8},"end":{"line":127,"column":9}},"35":{"start":{"line":85,"column":12},"end":{"line":100,"column":14}},"36":{"start":{"line":102,"column":12},"end":{"line":126,"column":14}},"37":{"start":{"line":131,"column":0},"end":{"line":136,"column":2}},"38":{"start":{"line":134,"column":35},"end":{"line":134,"column":39}}},"fnMap":{"0":{"name":"(anonymous_0)","decl":{"start":{"line":11,"column":4},"end":{"line":11,"column":5}},"loc":{"start":{"line":11,"column":23},"end":{"line":26,"column":5}},"line":11},"1":{"name":"(anonymous_1)","decl":{"start":{"line":28,"column":4},"end":{"line":28,"column":5}},"loc":{"start":{"line":28,"column":24},"end":{"line":31,"column":5}},"line":28},"2":{"name":"(anonymous_2)","decl":{"start":{"line":33,"column":4},"end":{"line":33,"column":5}},"loc":{"start":{"line":33,"column":21},"end":{"line":42,"column":5}},"line":33},"3":{"name":"(anonymous_3)","decl":{"start":{"line":34,"column":58},"end":{"line":34,"column":59}},"loc":{"start":{"line":34,"column":67},"end":{"line":39,"column":9}},"line":34},"4":{"name":"(anonymous_4)","decl":{"start":{"line":44,"column":4},"end":{"line":44,"column":5}},"loc":{"start":{"line":44,"column":36},"end":{"line":48,"column":5}},"line":44},"5":{"name":"(anonymous_5)","decl":{"start":{"line":50,"column":4},"end":{"line":50,"column":5}},"loc":{"start":{"line":50,"column":21},"end":{"line":58,"column":5}},"line":50},"6":{"name":"(anonymous_6)","decl":{"start":{"line":51,"column":37},"end":{"line":51,"column":38}},"loc":{"start":{"line":51,"column":51},"end":{"line":57,"column":9}},"line":51},"7":{"name":"(anonymous_7)","decl":{"start":{"line":54,"column":78},"end":{"line":54,"column":79}},"loc":{"start":{"line":54,"column":84},"end":{"line":54,"column":86}},"line":54},"8":{"name":"(anonymous_8)","decl":{"start":{"line":60,"column":4},"end":{"line":60,"column":5}},"loc":{"start":{"line":60,"column":18},"end":{"line":64,"column":5}},"line":60},"9":{"name":"(anonymous_9)","decl":{"start":{"line":66,"column":4},"end":{"line":66,"column":5}},"loc":{"start":{"line":66,"column":25},"end":{"line":71,"column":5}},"line":66},"10":{"name":"(anonymous_10)","decl":{"start":{"line":68,"column":62},"end":{"line":68,"column":63}},"loc":{"start":{"line":68,"column":71},"end":{"line":68,"column":96}},"line":68},"11":{"name":"(anonymous_11)","decl":{"start":{"line":70,"column":46},"end":{"line":70,"column":47}},"loc":{"start":{"line":70,"column":52},"end":{"line":70,"column":70}},"line":70},"12":{"name":"(anonymous_12)","decl":{"start":{"line":70,"column":78},"end":{"line":70,"column":79}},"loc":{"start":{"line":70,"column":84},"end":{"line":70,"column":86}},"line":70},"13":{"name":"(anonymous_13)","decl":{"start":{"line":73,"column":4},"end":{"line":73,"column":5}},"loc":{"start":{"line":73,"column":23},"end":{"line":77,"column":5}},"line":73},"14":{"name":"(anonymous_14)","decl":{"start":{"line":79,"column":4},"end":{"line":79,"column":5}},"loc":{"start":{"line":79,"column":13},"end":{"line":128,"column":5}},"line":79},"15":{"name":"(anonymous_15)","decl":{"start":{"line":134,"column":29},"end":{"line":134,"column":30}},"loc":{"start":{"line":134,"column":35},"end":{"line":134,"column":39}},"line":134}},"branchMap":{"0":{"loc":{"start":{"line":36,"column":26},"end":{"line":36,"column":80}},"type":"cond-expr","locations":[{"start":{"line":36,"column":54},"end":{"line":36,"column":65}},{"start":{"line":36,"column":68},"end":{"line":36,"column":80}}],"line":36},"1":{"loc":{"start":{"line":41,"column":15},"end":{"line":41,"column":75}},"type":"binary-expr","locations":[{"start":{"line":41,"column":15},"end":{"line":41,"column":32}},{"start":{"line":41,"column":36},"end":{"line":41,"column":75}}],"line":41},"2":{"loc":{"start":{"line":53,"column":26},"end":{"line":53,"column":80}},"type":"cond-expr","locations":[{"start":{"line":53,"column":54},"end":{"line":53,"column":65}},{"start":{"line":53,"column":68},"end":{"line":53,"column":80}}],"line":53},"3":{"loc":{"start":{"line":54,"column":34},"end":{"line":54,"column":86}},"type":"cond-expr","locations":[{"start":{"line":54,"column":56},"end":{"line":54,"column":75}},{"start":{"line":54,"column":78},"end":{"line":54,"column":86}}],"line":54},"4":{"loc":{"start":{"line":80,"column":8},"end":{"line":82,"column":9}},"type":"if","locations":[{"start":{"line":80,"column":8},"end":{"line":82,"column":9}},{"start":{"line":80,"column":8},"end":{"line":82,"column":9}}],"line":80},"5":{"loc":{"start":{"line":84,"column":8},"end":{"line":127,"column":9}},"type":"if","locations":[{"start":{"line":84,"column":8},"end":{"line":127,"column":9}},{"start":{"line":84,"column":8},"end":{"line":127,"column":9}}],"line":84}},"s":{"0":4,"1":4,"2":4,"3":4,"4":4,"5":4,"6":4,"7":4,"8":4,"9":4,"10":5,"11":2,"12":2,"13":2,"14":2,"15":5,"16":1,"17":1,"18":1,"19":10,"20":4,"21":4,"22":4,"23":4,"24":1,"25":1,"26":1,"27":0,"28":1,"29":1,"30":1,"31":1,"32":14,"33":4,"34":10,"35":0,"36":10,"37":1,"38":5},"f":{"0":4,"1":4,"2":5,"3":2,"4":1,"5":10,"6":4,"7":0,"8":1,"9":1,"10":0,"11":1,"12":0,"13":1,"14":14,"15":5},"b":{"0":[1,1],"1":[5,5],"2":[3,1],"3":[3,1],"4":[4,10],"5":[0,10]},"_coverageSchema":"332fd63041d2c1bcb487cc26dd0d5f7d97098a6c","hash":"9c8f5112e7875b6a05d52341b10357b2610a0414"}
,"C:\\wamp64\\www\\react-composite-form\\lib\\factory\\formFieldFactory.js": {"path":"C:\\wamp64\\www\\react-composite-form\\lib\\factory\\formFieldFactory.js","statementMap":{"0":{"start":{"line":16,"column":8},"end":{"line":25,"column":10}},"1":{"start":{"line":32,"column":23},"end":{"line":32,"column":96}},"2":{"start":{"line":33,"column":22},"end":{"line":33,"column":63}},"3":{"start":{"line":35,"column":8},"end":{"line":62,"column":9}},"4":{"start":{"line":37,"column":16},"end":{"line":37,"column":61}},"5":{"start":{"line":38,"column":16},"end":{"line":38,"column":22}},"6":{"start":{"line":40,"column":16},"end":{"line":40,"column":65}},"7":{"start":{"line":41,"column":16},"end":{"line":41,"column":22}},"8":{"start":{"line":43,"column":16},"end":{"line":43,"column":64}},"9":{"start":{"line":44,"column":16},"end":{"line":44,"column":22}},"10":{"start":{"line":46,"column":16},"end":{"line":46,"column":62}},"11":{"start":{"line":47,"column":16},"end":{"line":47,"column":22}},"12":{"start":{"line":49,"column":16},"end":{"line":49,"column":69}},"13":{"start":{"line":50,"column":16},"end":{"line":50,"column":22}},"14":{"start":{"line":52,"column":16},"end":{"line":52,"column":73}},"15":{"start":{"line":53,"column":16},"end":{"line":53,"column":22}},"16":{"start":{"line":55,"column":16},"end":{"line":55,"column":66}},"17":{"start":{"line":56,"column":16},"end":{"line":56,"column":22}},"18":{"start":{"line":58,"column":16},"end":{"line":58,"column":67}},"19":{"start":{"line":59,"column":16},"end":{"line":59,"column":22}},"20":{"start":{"line":61,"column":16},"end":{"line":61,"column":33}},"21":{"start":{"line":63,"column":8},"end":{"line":63,"column":91}}},"fnMap":{"0":{"name":"(anonymous_0)","decl":{"start":{"line":15,"column":4},"end":{"line":15,"column":5}},"loc":{"start":{"line":15,"column":13},"end":{"line":26,"column":5}},"line":15},"1":{"name":"(anonymous_1)","decl":{"start":{"line":31,"column":4},"end":{"line":31,"column":5}},"loc":{"start":{"line":31,"column":36},"end":{"line":64,"column":5}},"line":31}},"branchMap":{"0":{"loc":{"start":{"line":35,"column":8},"end":{"line":62,"column":9}},"type":"switch","locations":[{"start":{"line":36,"column":12},"end":{"line":38,"column":22}},{"start":{"line":39,"column":12},"end":{"line":41,"column":22}},{"start":{"line":42,"column":12},"end":{"line":44,"column":22}},{"start":{"line":45,"column":12},"end":{"line":47,"column":22}},{"start":{"line":48,"column":12},"end":{"line":50,"column":22}},{"start":{"line":51,"column":12},"end":{"line":53,"column":22}},{"start":{"line":54,"column":12},"end":{"line":56,"column":22}},{"start":{"line":57,"column":12},"end":{"line":59,"column":22}},{"start":{"line":60,"column":12},"end":{"line":61,"column":33}}],"line":35}},"s":{"0":11,"1":13,"2":13,"3":13,"4":5,"5":5,"6":1,"7":1,"8":1,"9":1,"10":1,"11":1,"12":1,"13":1,"14":1,"15":1,"16":1,"17":1,"18":1,"19":1,"20":1,"21":12},"f":{"0":11,"1":13},"b":{"0":[5,1,1,1,1,1,1,1,1]},"_coverageSchema":"332fd63041d2c1bcb487cc26dd0d5f7d97098a6c","hash":"6e105fe8306799d857a9388ffc7966c4207c3c2f"}
,"C:\\wamp64\\www\\react-composite-form\\lib\\factory\\fields\\CheckBoxField.js": {"path":"C:\\wamp64\\www\\react-composite-form\\lib\\factory\\fields\\CheckBoxField.js","statementMap":{"0":{"start":{"line":7,"column":77},"end":{"line":7,"column":87}},"1":{"start":{"line":9,"column":25},"end":{"line":12,"column":9}},"2":{"start":{"line":10,"column":12},"end":{"line":10,"column":44}},"3":{"start":{"line":11,"column":12},"end":{"line":11,"column":33}},"4":{"start":{"line":14,"column":8},"end":{"line":24,"column":10}}},"fnMap":{"0":{"name":"(anonymous_0)","decl":{"start":{"line":6,"column":4},"end":{"line":6,"column":5}},"loc":{"start":{"line":6,"column":13},"end":{"line":25,"column":5}},"line":6},"1":{"name":"(anonymous_1)","decl":{"start":{"line":9,"column":25},"end":{"line":9,"column":26}},"loc":{"start":{"line":9,"column":36},"end":{"line":12,"column":9}},"line":9}},"branchMap":{},"s":{"0":1,"1":1,"2":1,"3":1,"4":1},"f":{"0":1,"1":1},"b":{},"_coverageSchema":"332fd63041d2c1bcb487cc26dd0d5f7d97098a6c","hash":"d9327764f06a86587b646d06c01633e1977c169e"}
,"C:\\wamp64\\www\\react-composite-form\\lib\\factory\\fields\\CreatableSelectField.js": {"path":"C:\\wamp64\\www\\react-composite-form\\lib\\factory\\fields\\CreatableSelectField.js","statementMap":{"0":{"start":{"line":8,"column":8},"end":{"line":8,"column":21}},"1":{"start":{"line":9,"column":8},"end":{"line":9,"column":65}},"2":{"start":{"line":11,"column":8},"end":{"line":13,"column":10}},"3":{"start":{"line":17,"column":8},"end":{"line":21,"column":9}},"4":{"start":{"line":18,"column":12},"end":{"line":20,"column":15}},"5":{"start":{"line":25,"column":8},"end":{"line":25,"column":113}},"6":{"start":{"line":25,"column":38},"end":{"line":25,"column":110}},"7":{"start":{"line":29,"column":110},"end":{"line":29,"column":120}},"8":{"start":{"line":31,"column":25},"end":{"line":39,"column":9}},"9":{"start":{"line":32,"column":12},"end":{"line":36,"column":13}},"10":{"start":{"line":32,"column":84},"end":{"line":32,"column":115}},"11":{"start":{"line":33,"column":16},"end":{"line":35,"column":19}},"12":{"start":{"line":37,"column":12},"end":{"line":37,"column":68}},"13":{"start":{"line":38,"column":12},"end":{"line":38,"column":37}},"14":{"start":{"line":41,"column":8},"end":{"line":54,"column":10}},"15":{"start":{"line":58,"column":0},"end":{"line":61,"column":2}}},"fnMap":{"0":{"name":"(anonymous_0)","decl":{"start":{"line":7,"column":4},"end":{"line":7,"column":5}},"loc":{"start":{"line":7,"column":23},"end":{"line":14,"column":5}},"line":7},"1":{"name":"(anonymous_1)","decl":{"start":{"line":16,"column":4},"end":{"line":16,"column":5}},"loc":{"start":{"line":16,"column":41},"end":{"line":22,"column":5}},"line":16},"2":{"name":"(anonymous_2)","decl":{"start":{"line":24,"column":4},"end":{"line":24,"column":5}},"loc":{"start":{"line":24,"column":30},"end":{"line":26,"column":5}},"line":24},"3":{"name":"(anonymous_3)","decl":{"start":{"line":25,"column":27},"end":{"line":25,"column":28}},"loc":{"start":{"line":25,"column":38},"end":{"line":25,"column":110}},"line":25},"4":{"name":"(anonymous_4)","decl":{"start":{"line":28,"column":4},"end":{"line":28,"column":5}},"loc":{"start":{"line":28,"column":13},"end":{"line":55,"column":5}},"line":28},"5":{"name":"(anonymous_5)","decl":{"start":{"line":31,"column":25},"end":{"line":31,"column":26}},"loc":{"start":{"line":31,"column":40},"end":{"line":39,"column":9}},"line":31},"6":{"name":"(anonymous_6)","decl":{"start":{"line":32,"column":74},"end":{"line":32,"column":75}},"loc":{"start":{"line":32,"column":84},"end":{"line":32,"column":115}},"line":32}},"branchMap":{"0":{"loc":{"start":{"line":17,"column":8},"end":{"line":21,"column":9}},"type":"if","locations":[{"start":{"line":17,"column":8},"end":{"line":21,"column":9}},{"start":{"line":17,"column":8},"end":{"line":21,"column":9}}],"line":17},"1":{"loc":{"start":{"line":32,"column":12},"end":{"line":36,"column":13}},"type":"if","locations":[{"start":{"line":32,"column":12},"end":{"line":36,"column":13}},{"start":{"line":32,"column":12},"end":{"line":36,"column":13}}],"line":32},"2":{"loc":{"start":{"line":32,"column":16},"end":{"line":32,"column":116}},"type":"binary-expr","locations":[{"start":{"line":32,"column":16},"end":{"line":32,"column":45}},{"start":{"line":32,"column":49},"end":{"line":32,"column":116}}],"line":32},"3":{"loc":{"start":{"line":47,"column":31},"end":{"line":47,"column":73}},"type":"binary-expr","locations":[{"start":{"line":47,"column":31},"end":{"line":47,"column":57}},{"start":{"line":47,"column":61},"end":{"line":47,"column":73}}],"line":47},"4":{"loc":{"start":{"line":48,"column":30},"end":{"line":48,"column":68}},"type":"binary-expr","locations":[{"start":{"line":48,"column":30},"end":{"line":48,"column":38}},{"start":{"line":48,"column":42},"end":{"line":48,"column":68}}],"line":48}},"s":{"0":2,"1":2,"2":2,"3":3,"4":2,"5":4,"6":2,"7":7,"8":7,"9":2,"10":2,"11":1,"12":2,"13":2,"14":7,"15":3},"f":{"0":2,"1":3,"2":4,"3":2,"4":7,"5":2,"6":2},"b":{"0":[2,1],"1":[1,1],"2":[2,2],"3":[7,2],"4":[7,7]},"_coverageSchema":"332fd63041d2c1bcb487cc26dd0d5f7d97098a6c","hash":"7ebe8a57b36a206b5ba407a3a9754438a1c77f9c"}
,"C:\\wamp64\\www\\react-composite-form\\lib\\factory\\fields\\DateField.js": {"path":"C:\\wamp64\\www\\react-composite-form\\lib\\factory\\fields\\DateField.js","statementMap":{"0":{"start":{"line":10,"column":84},"end":{"line":10,"column":94}},"1":{"start":{"line":12,"column":25},"end":{"line":16,"column":9}},"2":{"start":{"line":13,"column":33},"end":{"line":13,"column":74}},"3":{"start":{"line":14,"column":12},"end":{"line":14,"column":51}},"4":{"start":{"line":15,"column":12},"end":{"line":15,"column":33}},"5":{"start":{"line":17,"column":8},"end":{"line":30,"column":10}}},"fnMap":{"0":{"name":"(anonymous_0)","decl":{"start":{"line":9,"column":4},"end":{"line":9,"column":5}},"loc":{"start":{"line":9,"column":13},"end":{"line":31,"column":5}},"line":9},"1":{"name":"(anonymous_1)","decl":{"start":{"line":12,"column":25},"end":{"line":12,"column":26}},"loc":{"start":{"line":12,"column":36},"end":{"line":16,"column":9}},"line":12}},"branchMap":{"0":{"loc":{"start":{"line":13,"column":33},"end":{"line":13,"column":74}},"type":"cond-expr","locations":[{"start":{"line":13,"column":41},"end":{"line":13,"column":67}},{"start":{"line":13,"column":70},"end":{"line":13,"column":74}}],"line":13},"1":{"loc":{"start":{"line":24,"column":31},"end":{"line":24,"column":73}},"type":"cond-expr","locations":[{"start":{"line":24,"column":39},"end":{"line":24,"column":66}},{"start":{"line":24,"column":69},"end":{"line":24,"column":73}}],"line":24}},"s":{"0":2,"1":2,"2":2,"3":2,"4":2,"5":2},"f":{"0":2,"1":2},"b":{"0":[1,1],"1":[1,1]},"_coverageSchema":"332fd63041d2c1bcb487cc26dd0d5f7d97098a6c","hash":"50ae9238a908f592c313cc1c3e004f8b3ab9129c"}
,"C:\\wamp64\\www\\react-composite-form\\lib\\factory\\fields\\FileInputField.js": {"path":"C:\\wamp64\\www\\react-composite-form\\lib\\factory\\fields\\FileInputField.js","statementMap":{"0":{"start":{"line":8,"column":84},"end":{"line":8,"column":94}},"1":{"start":{"line":10,"column":26},"end":{"line":10,"column":31}},"2":{"start":{"line":11,"column":23},"end":{"line":11,"column":41}},"3":{"start":{"line":12,"column":8},"end":{"line":14,"column":9}},"4":{"start":{"line":13,"column":12},"end":{"line":13,"column":43}},"5":{"start":{"line":17,"column":25},"end":{"line":20,"column":9}},"6":{"start":{"line":18,"column":12},"end":{"line":18,"column":60}},"7":{"start":{"line":19,"column":12},"end":{"line":19,"column":33}},"8":{"start":{"line":22,"column":24},"end":{"line":27,"column":9}},"9":{"start":{"line":23,"column":12},"end":{"line":26,"column":13}},"10":{"start":{"line":24,"column":16},"end":{"line":24,"column":39}},"11":{"start":{"line":25,"column":16},"end":{"line":25,"column":34}},"12":{"start":{"line":29,"column":8},"end":{"line":38,"column":10}},"13":{"start":{"line":34,"column":99},"end":{"line":34,"column":114}}},"fnMap":{"0":{"name":"(anonymous_0)","decl":{"start":{"line":7,"column":4},"end":{"line":7,"column":5}},"loc":{"start":{"line":7,"column":13},"end":{"line":39,"column":5}},"line":7},"1":{"name":"(anonymous_1)","decl":{"start":{"line":17,"column":25},"end":{"line":17,"column":26}},"loc":{"start":{"line":17,"column":36},"end":{"line":20,"column":9}},"line":17},"2":{"name":"(anonymous_2)","decl":{"start":{"line":22,"column":24},"end":{"line":22,"column":25}},"loc":{"start":{"line":22,"column":30},"end":{"line":27,"column":9}},"line":22},"3":{"name":"(anonymous_3)","decl":{"start":{"line":34,"column":92},"end":{"line":34,"column":93}},"loc":{"start":{"line":34,"column":99},"end":{"line":34,"column":114}},"line":34}},"branchMap":{"0":{"loc":{"start":{"line":12,"column":8},"end":{"line":14,"column":9}},"type":"if","locations":[{"start":{"line":12,"column":8},"end":{"line":14,"column":9}},{"start":{"line":12,"column":8},"end":{"line":14,"column":9}}],"line":12},"1":{"loc":{"start":{"line":23,"column":12},"end":{"line":26,"column":13}},"type":"if","locations":[{"start":{"line":23,"column":12},"end":{"line":26,"column":13}},{"start":{"line":23,"column":12},"end":{"line":26,"column":13}}],"line":23}},"s":{"0":2,"1":2,"2":2,"3":2,"4":1,"5":2,"6":1,"7":1,"8":2,"9":1,"10":1,"11":1,"12":2,"13":3},"f":{"0":2,"1":1,"2":1,"3":3},"b":{"0":[1,1],"1":[1,0]},"_coverageSchema":"332fd63041d2c1bcb487cc26dd0d5f7d97098a6c","hash":"cfff8060f2e0f5ede7ce21f647c140a4e03ffe59"}
,"C:\\wamp64\\www\\react-composite-form\\lib\\factory\\fields\\MultiSelectField.js": {"path":"C:\\wamp64\\www\\react-composite-form\\lib\\factory\\fields\\MultiSelectField.js","statementMap":{"0":{"start":{"line":7,"column":139},"end":{"line":7,"column":149}},"1":{"start":{"line":9,"column":35},"end":{"line":9,"column":110}},"2":{"start":{"line":9,"column":58},"end":{"line":9,"column":108}},"3":{"start":{"line":11,"column":25},"end":{"line":14,"column":9}},"4":{"start":{"line":12,"column":12},"end":{"line":12,"column":48}},"5":{"start":{"line":13,"column":12},"end":{"line":13,"column":37}},"6":{"start":{"line":16,"column":8},"end":{"line":30,"column":10}},"7":{"start":{"line":34,"column":0},"end":{"line":37,"column":2}}},"fnMap":{"0":{"name":"(anonymous_0)","decl":{"start":{"line":6,"column":4},"end":{"line":6,"column":5}},"loc":{"start":{"line":6,"column":13},"end":{"line":31,"column":5}},"line":6},"1":{"name":"(anonymous_1)","decl":{"start":{"line":9,"column":47},"end":{"line":9,"column":48}},"loc":{"start":{"line":9,"column":58},"end":{"line":9,"column":108}},"line":9},"2":{"name":"(anonymous_2)","decl":{"start":{"line":11,"column":25},"end":{"line":11,"column":26}},"loc":{"start":{"line":11,"column":40},"end":{"line":14,"column":9}},"line":11}},"branchMap":{"0":{"loc":{"start":{"line":22,"column":31},"end":{"line":22,"column":73}},"type":"binary-expr","locations":[{"start":{"line":22,"column":31},"end":{"line":22,"column":57}},{"start":{"line":22,"column":61},"end":{"line":22,"column":73}}],"line":22},"1":{"loc":{"start":{"line":23,"column":30},"end":{"line":23,"column":68}},"type":"binary-expr","locations":[{"start":{"line":23,"column":30},"end":{"line":23,"column":38}},{"start":{"line":23,"column":42},"end":{"line":23,"column":68}}],"line":23}},"s":{"0":4,"1":4,"2":2,"3":4,"4":1,"5":1,"6":4,"7":3},"f":{"0":4,"1":2,"2":1},"b":{"0":[4,2],"1":[4,4]},"_coverageSchema":"332fd63041d2c1bcb487cc26dd0d5f7d97098a6c","hash":"fb7979b51970c9d5b40508c51dad74b36310ea4a"}
,"C:\\wamp64\\www\\react-composite-form\\lib\\factory\\fields\\SelectField.js": {"path":"C:\\wamp64\\www\\react-composite-form\\lib\\factory\\fields\\SelectField.js","statementMap":{"0":{"start":{"line":7,"column":139},"end":{"line":7,"column":149}},"1":{"start":{"line":9,"column":35},"end":{"line":9,"column":110}},"2":{"start":{"line":9,"column":58},"end":{"line":9,"column":108}},"3":{"start":{"line":11,"column":25},"end":{"line":14,"column":9}},"4":{"start":{"line":12,"column":12},"end":{"line":12,"column":68}},"5":{"start":{"line":13,"column":12},"end":{"line":13,"column":37}},"6":{"start":{"line":16,"column":8},"end":{"line":28,"column":10}},"7":{"start":{"line":32,"column":0},"end":{"line":35,"column":2}}},"fnMap":{"0":{"name":"(anonymous_0)","decl":{"start":{"line":6,"column":4},"end":{"line":6,"column":5}},"loc":{"start":{"line":6,"column":13},"end":{"line":29,"column":5}},"line":6},"1":{"name":"(anonymous_1)","decl":{"start":{"line":9,"column":47},"end":{"line":9,"column":48}},"loc":{"start":{"line":9,"column":58},"end":{"line":9,"column":108}},"line":9},"2":{"name":"(anonymous_2)","decl":{"start":{"line":11,"column":25},"end":{"line":11,"column":26}},"loc":{"start":{"line":11,"column":40},"end":{"line":14,"column":9}},"line":11}},"branchMap":{"0":{"loc":{"start":{"line":22,"column":31},"end":{"line":22,"column":73}},"type":"binary-expr","locations":[{"start":{"line":22,"column":31},"end":{"line":22,"column":57}},{"start":{"line":22,"column":61},"end":{"line":22,"column":73}}],"line":22},"1":{"loc":{"start":{"line":23,"column":30},"end":{"line":23,"column":68}},"type":"binary-expr","locations":[{"start":{"line":23,"column":30},"end":{"line":23,"column":38}},{"start":{"line":23,"column":42},"end":{"line":23,"column":68}}],"line":23}},"s":{"0":4,"1":4,"2":2,"3":4,"4":1,"5":1,"6":4,"7":3},"f":{"0":4,"1":2,"2":1},"b":{"0":[4,2],"1":[4,4]},"_coverageSchema":"332fd63041d2c1bcb487cc26dd0d5f7d97098a6c","hash":"9407f37291e113238ee170374bc4b0352eb7672c"}
,"C:\\wamp64\\www\\react-composite-form\\lib\\factory\\fields\\TextAreaField.js": {"path":"C:\\wamp64\\www\\react-composite-form\\lib\\factory\\fields\\TextAreaField.js","statementMap":{"0":{"start":{"line":8,"column":8},"end":{"line":8,"column":21}},"1":{"start":{"line":12,"column":84},"end":{"line":12,"column":94}},"2":{"start":{"line":14,"column":25},"end":{"line":17,"column":9}},"3":{"start":{"line":15,"column":12},"end":{"line":15,"column":55}},"4":{"start":{"line":16,"column":12},"end":{"line":16,"column":31}},"5":{"start":{"line":19,"column":8},"end":{"line":31,"column":10}}},"fnMap":{"0":{"name":"(anonymous_0)","decl":{"start":{"line":7,"column":4},"end":{"line":7,"column":5}},"loc":{"start":{"line":7,"column":23},"end":{"line":9,"column":5}},"line":7},"1":{"name":"(anonymous_1)","decl":{"start":{"line":11,"column":4},"end":{"line":11,"column":5}},"loc":{"start":{"line":11,"column":13},"end":{"line":32,"column":5}},"line":11},"2":{"name":"(anonymous_2)","decl":{"start":{"line":14,"column":25},"end":{"line":14,"column":26}},"loc":{"start":{"line":14,"column":34},"end":{"line":17,"column":9}},"line":14}},"branchMap":{},"s":{"0":1,"1":1,"2":1,"3":1,"4":1,"5":1},"f":{"0":1,"1":1,"2":1},"b":{},"_coverageSchema":"332fd63041d2c1bcb487cc26dd0d5f7d97098a6c","hash":"0cad5cbabf339b64db7d2a4e442ad8d5c4f9250c"}
,"C:\\wamp64\\www\\react-composite-form\\lib\\factory\\fields\\TextField.js": {"path":"C:\\wamp64\\www\\react-composite-form\\lib\\factory\\fields\\TextField.js","statementMap":{"0":{"start":{"line":8,"column":8},"end":{"line":8,"column":21}},"1":{"start":{"line":12,"column":84},"end":{"line":12,"column":94}},"2":{"start":{"line":14,"column":25},"end":{"line":17,"column":9}},"3":{"start":{"line":15,"column":12},"end":{"line":15,"column":55}},"4":{"start":{"line":16,"column":12},"end":{"line":16,"column":31}},"5":{"start":{"line":19,"column":8},"end":{"line":31,"column":10}}},"fnMap":{"0":{"name":"(anonymous_0)","decl":{"start":{"line":7,"column":4},"end":{"line":7,"column":5}},"loc":{"start":{"line":7,"column":23},"end":{"line":9,"column":5}},"line":7},"1":{"name":"(anonymous_1)","decl":{"start":{"line":11,"column":4},"end":{"line":11,"column":5}},"loc":{"start":{"line":11,"column":13},"end":{"line":32,"column":5}},"line":11},"2":{"name":"(anonymous_2)","decl":{"start":{"line":14,"column":25},"end":{"line":14,"column":26}},"loc":{"start":{"line":14,"column":34},"end":{"line":17,"column":9}},"line":14}},"branchMap":{},"s":{"0":2,"1":4,"2":4,"3":2,"4":2,"5":4},"f":{"0":2,"1":4,"2":2},"b":{},"_coverageSchema":"332fd63041d2c1bcb487cc26dd0d5f7d97098a6c","hash":"58fec2afad7293a730cd59e21b8e438b72647538"}
,"C:\\wamp64\\www\\react-composite-form\\tests\\jestsetup.js": {"path":"C:\\wamp64\\www\\react-composite-form\\tests\\jestsetup.js","statementMap":{"0":{"start":{"line":3,"column":0},"end":{"line":3,"column":45}},"1":{"start":{"line":5,"column":0},"end":{"line":5,"column":25}},"2":{"start":{"line":6,"column":0},"end":{"line":6,"column":23}},"3":{"start":{"line":7,"column":0},"end":{"line":7,"column":21}}},"fnMap":{},"branchMap":{},"s":{"0":11,"1":11,"2":11,"3":11},"f":{},"b":{},"_coverageSchema":"332fd63041d2c1bcb487cc26dd0d5f7d97098a6c","hash":"45d5820daee8264ba70d8ef21a48e87436169bbc"}
}
