TN:
SF:C:\wamp64\www\react-composite-form\lib\actions\index.js
FN:3,validateField
FN:4,(anonymous_1)
FNF:2
FNH:2
FNDA:17,validateField
FNDA:2,(anonymous_1)
DA:4,17
DA:5,2
DA:6,2
DA:8,17
LF:4
LH:4
BRF:0
BRH:0
end_of_record
TN:
SF:C:\wamp64\www\react-composite-form\lib\components\Form.js
FN:11,(anonymous_0)
FN:28,(anonymous_1)
FN:33,(anonymous_2)
FN:34,(anonymous_3)
FN:44,(anonymous_4)
FN:50,(anonymous_5)
FN:51,(anonymous_6)
FN:54,(anonymous_7)
FN:60,(anonymous_8)
FN:66,(anonymous_9)
FN:68,(anonymous_10)
FN:70,(anonymous_11)
FN:70,(anonymous_12)
FN:73,(anonymous_13)
FN:79,(anonymous_14)
FN:133,(anonymous_15)
FNF:16
FNH:13
FNDA:2,(anonymous_0)
FNDA:2,(anonymous_1)
FNDA:3,(anonymous_2)
FNDA:2,(anonymous_3)
FNDA:1,(anonymous_4)
FNDA:8,(anonymous_5)
FNDA:4,(anonymous_6)
FNDA:0,(anonymous_7)
FNDA:1,(anonymous_8)
FNDA:1,(anonymous_9)
FNDA:0,(anonymous_10)
FNDA:1,(anonymous_11)
FNDA:0,(anonymous_12)
FNDA:1,(anonymous_13)
FNDA:10,(anonymous_14)
FNDA:3,(anonymous_15)
DA:12,2
DA:14,2
DA:20,2
DA:21,2
DA:22,2
DA:23,2
DA:24,2
DA:25,2
DA:29,2
DA:30,2
DA:34,3
DA:35,2
DA:36,2
DA:37,2
DA:38,2
DA:41,3
DA:45,1
DA:46,1
DA:47,1
DA:51,8
DA:52,4
DA:53,4
DA:54,4
DA:56,4
DA:61,1
DA:67,1
DA:68,1
DA:69,1
DA:70,1
DA:74,1
DA:80,10
DA:81,2
DA:84,8
DA:85,0
DA:102,8
DA:130,1
DA:133,3
LF:37
LH:36
BRDA:36,0,0,1
BRDA:36,0,1,1
BRDA:41,1,0,3
BRDA:41,1,1,3
BRDA:53,2,0,3
BRDA:53,2,1,1
BRDA:54,3,0,3
BRDA:54,3,1,1
BRDA:80,4,0,2
BRDA:80,4,1,8
BRDA:84,5,0,0
BRDA:84,5,1,8
BRF:12
BRH:11
end_of_record
TN:
SF:C:\wamp64\www\react-composite-form\lib\factory\formFieldFactory.js
FN:15,(anonymous_0)
FN:31,(anonymous_1)
FNF:2
FNH:2
FNDA:11,(anonymous_0)
FNDA:13,(anonymous_1)
DA:16,11
DA:32,13
DA:33,13
DA:35,13
DA:37,5
DA:38,5
DA:40,1
DA:41,1
DA:43,1
DA:44,1
DA:46,1
DA:47,1
DA:49,1
DA:50,1
DA:52,1
DA:53,1
DA:55,1
DA:56,1
DA:58,1
DA:59,1
DA:61,1
DA:63,12
LF:22
LH:22
BRDA:35,0,0,5
BRDA:35,0,1,1
BRDA:35,0,2,1
BRDA:35,0,3,1
BRDA:35,0,4,1
BRDA:35,0,5,1
BRDA:35,0,6,1
BRDA:35,0,7,1
BRDA:35,0,8,1
BRF:9
BRH:9
end_of_record
TN:
SF:C:\wamp64\www\react-composite-form\lib\factory\fields\CheckBoxField.js
FN:6,(anonymous_0)
FN:9,(anonymous_1)
FNF:2
FNH:2
FNDA:1,(anonymous_0)
FNDA:1,(anonymous_1)
DA:7,1
DA:9,1
DA:10,1
DA:11,1
DA:14,1
LF:5
LH:5
BRF:0
BRH:0
end_of_record
TN:
SF:C:\wamp64\www\react-composite-form\lib\factory\fields\CreatableSelectField.js
FN:7,(anonymous_0)
FN:16,(anonymous_1)
FN:24,(anonymous_2)
FN:25,(anonymous_3)
FN:28,(anonymous_4)
FN:31,(anonymous_5)
FN:32,(anonymous_6)
FNF:7
FNH:7
FNDA:2,(anonymous_0)
FNDA:3,(anonymous_1)
FNDA:4,(anonymous_2)
FNDA:2,(anonymous_3)
FNDA:7,(anonymous_4)
FNDA:2,(anonymous_5)
FNDA:2,(anonymous_6)
DA:8,2
DA:9,2
DA:11,2
DA:17,3
DA:18,2
DA:25,4
DA:29,7
DA:31,7
DA:32,2
DA:33,1
DA:37,2
DA:38,2
DA:41,7
DA:58,3
LF:14
LH:14
BRDA:17,0,0,2
BRDA:17,0,1,1
BRDA:32,1,0,1
BRDA:32,1,1,1
BRDA:32,2,0,2
BRDA:32,2,1,2
BRDA:47,3,0,7
BRDA:47,3,1,2
BRDA:48,4,0,7
BRDA:48,4,1,7
BRF:10
BRH:10
end_of_record
TN:
SF:C:\wamp64\www\react-composite-form\lib\factory\fields\DateField.js
FN:9,(anonymous_0)
FN:12,(anonymous_1)
FNF:2
FNH:2
FNDA:2,(anonymous_0)
FNDA:2,(anonymous_1)
DA:10,2
DA:12,2
DA:13,2
DA:14,2
DA:15,2
DA:17,2
LF:6
LH:6
BRDA:13,0,0,1
BRDA:13,0,1,1
BRDA:24,1,0,1
BRDA:24,1,1,1
BRF:4
BRH:4
end_of_record
TN:
SF:C:\wamp64\www\react-composite-form\lib\factory\fields\FileInputField.js
FN:7,(anonymous_0)
FN:17,(anonymous_1)
FN:22,(anonymous_2)
FN:34,(anonymous_3)
FNF:4
FNH:4
FNDA:2,(anonymous_0)
FNDA:1,(anonymous_1)
FNDA:1,(anonymous_2)
FNDA:3,(anonymous_3)
DA:8,2
DA:10,2
DA:11,2
DA:12,2
DA:13,1
DA:17,2
DA:18,1
DA:19,1
DA:22,2
DA:23,1
DA:24,1
DA:25,1
DA:29,2
DA:34,3
LF:14
LH:14
BRDA:12,0,0,1
BRDA:12,0,1,1
BRDA:23,1,0,1
BRDA:23,1,1,0
BRF:4
BRH:3
end_of_record
TN:
SF:C:\wamp64\www\react-composite-form\lib\factory\fields\MultiSelectField.js
FN:6,(anonymous_0)
FN:9,(anonymous_1)
FN:11,(anonymous_2)
FNF:3
FNH:3
FNDA:4,(anonymous_0)
FNDA:2,(anonymous_1)
FNDA:1,(anonymous_2)
DA:7,4
DA:9,4
DA:11,4
DA:12,1
DA:13,1
DA:16,4
DA:34,3
LF:7
LH:7
BRDA:22,0,0,4
BRDA:22,0,1,2
BRDA:23,1,0,4
BRDA:23,1,1,4
BRF:4
BRH:4
end_of_record
TN:
SF:C:\wamp64\www\react-composite-form\lib\factory\fields\SelectField.js
FN:6,(anonymous_0)
FN:9,(anonymous_1)
FN:11,(anonymous_2)
FNF:3
FNH:3
FNDA:4,(anonymous_0)
FNDA:2,(anonymous_1)
FNDA:1,(anonymous_2)
DA:7,4
DA:9,4
DA:11,4
DA:12,1
DA:13,1
DA:16,4
DA:32,3
LF:7
LH:7
BRDA:22,0,0,4
BRDA:22,0,1,2
BRDA:23,1,0,4
BRDA:23,1,1,4
BRF:4
BRH:4
end_of_record
TN:
SF:C:\wamp64\www\react-composite-form\lib\factory\fields\TextAreaField.js
FN:7,(anonymous_0)
FN:11,(anonymous_1)
FN:14,(anonymous_2)
FNF:3
FNH:3
FNDA:1,(anonymous_0)
FNDA:1,(anonymous_1)
FNDA:1,(anonymous_2)
DA:8,1
DA:12,1
DA:14,1
DA:15,1
DA:16,1
DA:19,1
LF:6
LH:6
BRF:0
BRH:0
end_of_record
TN:
SF:C:\wamp64\www\react-composite-form\lib\factory\fields\TextField.js
FN:7,(anonymous_0)
FN:11,(anonymous_1)
FN:14,(anonymous_2)
FNF:3
FNH:3
FNDA:2,(anonymous_0)
FNDA:4,(anonymous_1)
FNDA:2,(anonymous_2)
DA:8,2
DA:12,4
DA:14,4
DA:15,2
DA:16,2
DA:19,4
LF:6
LH:6
BRF:0
BRH:0
end_of_record
TN:
SF:C:\wamp64\www\react-composite-form\tests\jestsetup.js
FNF:0
FNH:0
DA:3,11
DA:5,11
DA:6,11
DA:7,11
LF:4
LH:4
BRF:0
BRH:0
end_of_record
